INFO:root:Autre étude de femme de Honoré de Balzac a été ajouté
INFO:root:La femme de trente ans de Honoré de Balzac a été ajouté
INFO:root:La femme de trente ans de Honoré de Balzac a été ajouté
INFO:root:L’ESPRIT SOUTERRAIN de Fedor Mikhaïlovitch Dostoïevski a été ajouté
INFO:root:L’ÉTERNEL MARI de Fédor Mikhaïlovitch Dostoïevski a été ajouté
INFO:root:Autre étude de femme de Honoré de Balzac a été ajouté
INFO:root:La femme de trente ans de Honoré de Balzac a été ajouté
INFO:root:La femme de trente ans de Honoré de Balzac a été ajouté
INFO:root:L’ESPRIT SOUTERRAIN de Fedor Mikhaïlovitch Dostoïevski a été ajouté
INFO:root:L’ÉTERNEL MARI de Fédor Mikhaïlovitch Dostoïevski a été ajouté
INFO:root:Autre étude de femme de Honoré de Balzac a été ajouté
INFO:root:La femme de trente ans de Honoré de Balzac a été ajouté
INFO:root:La femme de trente ans de Honoré de Balzac a été ajouté
INFO:root:L’ESPRIT SOUTERRAIN de Fedor Mikhaïlovitch Dostoïevski a été ajouté
INFO:root:L’ÉTERNEL MARI de Fédor Mikhaïlovitch Dostoïevski a été ajouté
INFO:root:Autre étude de femme de Honoré de Balzac a été ajouté
INFO:root:La femme de trente ans de Honoré de Balzac a été ajouté
INFO:root:La femme de trente ans de Honoré de Balzac a été ajouté
INFO:root:L’ESPRIT SOUTERRAIN de Fedor Mikhaïlovitch Dostoïevski a été ajouté
INFO:root:L’ÉTERNEL MARI de Fédor Mikhaïlovitch Dostoïevski a été ajouté
INFO:root:Autre étude de femme de Honoré de Balzac a été ajouté
INFO:root:La femme de trente ans de Honoré de Balzac a été ajouté
INFO:root:La femme de trente ans de Honoré de Balzac a été ajouté
INFO:root:L’ESPRIT SOUTERRAIN de Fedor Mikhaïlovitch Dostoïevski a été ajouté
INFO:root:L’ÉTERNEL MARI de Fédor Mikhaïlovitch Dostoïevski a été ajouté
INFO:root:Autre étude de femme de Honoré de Balzac a été ajouté
INFO:root:La femme de trente ans de Honoré de Balzac a été ajouté
INFO:root:La femme de trente ans de Honoré de Balzac a été ajouté
INFO:root:L’ESPRIT SOUTERRAIN de Fedor Mikhaïlovitch Dostoïevski a été ajouté
INFO:root:L’ÉTERNEL MARI de Fédor Mikhaïlovitch Dostoïevski a été ajouté
INFO:root:Autre étude de femme de Honoré de Balzac a été ajouté
INFO:root:La femme de trente ans de Honoré de Balzac a été ajouté
INFO:root:La femme de trente ans de Honoré de Balzac a été ajouté
INFO:root:L’ESPRIT SOUTERRAIN de Fedor Mikhaïlovitch Dostoïevski a été ajouté
INFO:root:L’ÉTERNEL MARI de Fédor Mikhaïlovitch Dostoïevski a été ajouté
INFO:root:Autre étude de femme de Honoré de Balzac a été ajouté
INFO:root:La femme de trente ans de Honoré de Balzac a été ajouté
INFO:root:La femme de trente ans de Honoré de Balzac a été ajouté
INFO:root:L’ESPRIT SOUTERRAIN de Fedor Mikhaïlovitch Dostoïevski a été ajouté
INFO:root:L’ÉTERNEL MARI de Fédor Mikhaïlovitch Dostoïevski a été ajouté
INFO:root:Carnet d'un inconnu de Fiodor Dostoïevski a été ajouté
INFO:root:Arsène Lupin contre Herlock Sholmès de Maurice Leblanc a été ajouté
INFO:root:Arsène Lupin gentleman cambrioleur de Maurice Leblanc a été ajouté
INFO:root:Contes de Maurice Leblanc a été ajouté
INFO:root:Candide, ou l'Optimisme de Voltaire a été ajouté
INFO:root:Candide ou l'optimisme de Voltaire a été ajouté
INFO:root: de  a été ajouté
INFO:root: de  a été ajouté
INFO:root:LES PIRATES DES PRAIRIES de Gustave Aimard a été ajouté
INFO:root:Autre étude de femme de Honoré de Balzac a été ajouté
INFO:root:La femme de trente ans de Honoré de Balzac a été ajouté
INFO:root:La femme de trente ans de Honoré de Balzac a été ajouté
INFO:root:L’ESPRIT SOUTERRAIN de Fedor Mikhaïlovitch Dostoïevski a été ajouté
INFO:root:L’ÉTERNEL MARI de Fédor Mikhaïlovitch Dostoïevski a été ajouté
INFO:root:Carnet d'un inconnu de Fiodor Dostoïevski a été ajouté
INFO:root:Arsène Lupin contre Herlock Sholmès de Maurice Leblanc a été ajouté
INFO:root:Arsène Lupin gentleman cambrioleur de Maurice Leblanc a été ajouté
INFO:root:Contes de Maurice Leblanc a été ajouté
INFO:root:Candide, ou l'Optimisme de Voltaire a été ajouté
INFO:root:Candide ou l'optimisme de Voltaire a été ajouté
INFO:root: de  a été ajouté
INFO:root: de  a été ajouté
INFO:root:LES PIRATES DES PRAIRIES de Gustave Aimard a été ajouté
INFO:root:Autre étude de femme de Honoré de Balzac a été ajouté
INFO:root:La femme de trente ans de Honoré de Balzac a été ajouté
INFO:root:La femme de trente ans de Honoré de Balzac a été ajouté
INFO:root:L’ESPRIT SOUTERRAIN de Fedor Mikhaïlovitch Dostoïevski a été ajouté
INFO:root:L’ÉTERNEL MARI de Fédor Mikhaïlovitch Dostoïevski a été ajouté
INFO:root:Carnet d'un inconnu de Fiodor Dostoïevski a été ajouté
INFO:root:Arsène Lupin contre Herlock Sholmès de Maurice Leblanc a été ajouté
INFO:root:Arsène Lupin gentleman cambrioleur de Maurice Leblanc a été ajouté
INFO:root:Contes de Maurice Leblanc a été ajouté
INFO:root:Candide, ou l'Optimisme de Voltaire a été ajouté
INFO:root:Candide ou l'optimisme de Voltaire a été ajouté
INFO:root: de  a été ajouté
INFO:root: de  a été ajouté
INFO:root:LES PIRATES DES PRAIRIES de Gustave Aimard a été ajouté
INFO:root:Autre étude de femme de Honoré de Balzac a été ajouté
INFO:root:La femme de trente ans de Honoré de Balzac a été ajouté
INFO:root:La femme de trente ans de Honoré de Balzac a été ajouté
INFO:root:L’ESPRIT SOUTERRAIN de Fedor Mikhaïlovitch Dostoïevski a été ajouté
INFO:root:L’ÉTERNEL MARI de Fédor Mikhaïlovitch Dostoïevski a été ajouté
INFO:root:Carnet d'un inconnu de Fiodor Dostoïevski a été ajouté
INFO:root:Arsène Lupin contre Herlock Sholmès de Maurice Leblanc a été ajouté
INFO:root:Arsène Lupin gentleman cambrioleur de Maurice Leblanc a été ajouté
INFO:root:Contes de Maurice Leblanc a été ajouté
INFO:root:Candide, ou l'Optimisme de Voltaire a été ajouté
INFO:root:Candide ou l'optimisme de Voltaire a été ajouté
INFO:root: de  a été ajouté
INFO:root: de  a été ajouté
INFO:root:LES PIRATES DES PRAIRIES de Gustave Aimard a été ajouté
INFO:root:Autre étude de femme de Honoré de Balzac a été ajouté
INFO:root:La femme de trente ans de Honoré de Balzac a été ajouté
INFO:root:La femme de trente ans de Honoré de Balzac a été ajouté
INFO:root:L’ESPRIT SOUTERRAIN de Fedor Mikhaïlovitch Dostoïevski a été ajouté
INFO:root:L’ÉTERNEL MARI de Fédor Mikhaïlovitch Dostoïevski a été ajouté
INFO:root:Carnet d'un inconnu de Fiodor Dostoïevski a été ajouté
INFO:root:Arsène Lupin contre Herlock Sholmès de Maurice Leblanc a été ajouté
INFO:root:Arsène Lupin gentleman cambrioleur de Maurice Leblanc a été ajouté
INFO:root:Contes de Maurice Leblanc a été ajouté
INFO:root:Candide, ou l'Optimisme de Voltaire a été ajouté
INFO:root:Candide ou l'optimisme de Voltaire a été ajouté
INFO:root: de  a été ajouté
INFO:root: de  a été ajouté
INFO:root:LES PIRATES DES PRAIRIES de Gustave Aimard a été ajouté
INFO:root:Autre étude de femme de Honoré de Balzac a été ajouté
INFO:root:La femme de trente ans de Honoré de Balzac a été ajouté
INFO:root:La femme de trente ans de Honoré de Balzac a été ajouté
INFO:root:L’ESPRIT SOUTERRAIN de Fedor Mikhaïlovitch Dostoïevski a été ajouté
INFO:root:L’ÉTERNEL MARI de Fédor Mikhaïlovitch Dostoïevski a été ajouté
INFO:root:Carnet d'un inconnu de Fiodor Dostoïevski a été ajouté
INFO:root:Arsène Lupin contre Herlock Sholmès de Maurice Leblanc a été ajouté
INFO:root:Arsène Lupin gentleman cambrioleur de Maurice Leblanc a été ajouté
INFO:root:Contes de Maurice Leblanc a été ajouté
INFO:root:Candide, ou l'Optimisme de Voltaire a été ajouté
INFO:root:Candide ou l'optimisme de Voltaire a été ajouté
INFO:root: de  a été ajouté
INFO:root: de  a été ajouté
INFO:root:LES PIRATES DES PRAIRIES de Gustave Aimard a été ajouté
INFO:root:A l'abordage de Anders Bengtson a été ajouté
INFO:root:Plaisir d'humour de Alphonse Allais a été ajouté
INFO:root:Pour cause de fin de bail de Alphonse Allais a été ajouté
INFO:root:À SE TORDRE de Alphonse Allais a été ajouté
INFO:root:Thaïs de Anatole France a été ajouté
INFO:root:CONTES MERVEILLEUX - Tome I de Hans Christian Andersen a été ajouté
INFO:root:LA VIE AMBIGUË de Alexis Nikolaïevitch Apoukhtine a été ajouté
INFO:root:La grande Bretèche de Honoré de Balzac a été ajouté
INFO:root:Modeste Mignon de Honoré de Balzac a été ajouté
INFO:root:Pierrette de Honoré de Balzac a été ajouté
INFO:root:Un ménage de garçon de Honoré de Balzac a été ajouté
INFO:root:Esther heureuse de Honoré de Balzac a été ajouté
INFO:root:Massimilla Doni de Honoré de Balzac a été ajouté
INFO:root:Gambara de Honoré de Balzac a été ajouté
INFO:root:La chanson de Roland de Joseph Bédier a été ajouté
INFO:root:Cent ans après, ou l'an 2000 de Edward Bellamy a été ajouté
INFO:root:La Légende du roi Arthur - Tome IV - Le Saint-Graal La mort d’Arthur de Jacques Boulenger a été ajouté
INFO:root:La Tapisserie de Notre-Dame de Charles Péguy a été ajouté
INFO:root:Microsoft Word - chateaubriand_vie_de_rance_source.doc de Jeanne a été ajouté
INFO:root:Autre étude de femme de Honoré de Balzac a été ajouté
INFO:root:La femme de trente ans de Honoré de Balzac a été ajouté
INFO:root:La femme de trente ans de Honoré de Balzac a été ajouté
INFO:root:L’ESPRIT SOUTERRAIN de Fedor Mikhaïlovitch Dostoïevski a été ajouté
INFO:root:L’ÉTERNEL MARI de Fédor Mikhaïlovitch Dostoïevski a été ajouté
INFO:root:Carnet d'un inconnu de Fiodor Dostoïevski a été ajouté
INFO:root:Arsène Lupin contre Herlock Sholmès de Maurice Leblanc a été ajouté
INFO:root:Arsène Lupin gentleman cambrioleur de Maurice Leblanc a été ajouté
INFO:root:Contes de Maurice Leblanc a été ajouté
INFO:root:Candide, ou l'Optimisme de Voltaire a été ajouté
INFO:root:Candide ou l'optimisme de Voltaire a été ajouté
INFO:root: de  a été ajouté
INFO:root: de  a été ajouté
INFO:root:LES PIRATES DES PRAIRIES de Gustave Aimard a été ajouté
INFO:root:A l'abordage de Anders Bengtson a été ajouté
INFO:root:Plaisir d'humour de Alphonse Allais a été ajouté
INFO:root:Pour cause de fin de bail de Alphonse Allais a été ajouté
INFO:root:À SE TORDRE de Alphonse Allais a été ajouté
INFO:root:Thaïs de Anatole France a été ajouté
INFO:root:CONTES MERVEILLEUX - Tome I de Hans Christian Andersen a été ajouté
INFO:root:LA VIE AMBIGUË de Alexis Nikolaïevitch Apoukhtine a été ajouté
INFO:root:La grande Bretèche de Honoré de Balzac a été ajouté
INFO:root:Modeste Mignon de Honoré de Balzac a été ajouté
INFO:root:Pierrette de Honoré de Balzac a été ajouté
INFO:root:Un ménage de garçon de Honoré de Balzac a été ajouté
INFO:root:Esther heureuse de Honoré de Balzac a été ajouté
INFO:root:Massimilla Doni de Honoré de Balzac a été ajouté
INFO:root:Gambara de Honoré de Balzac a été ajouté
INFO:root:La chanson de Roland de Joseph Bédier a été ajouté
INFO:root:Cent ans après, ou l'an 2000 de Edward Bellamy a été ajouté
INFO:root:La Légende du roi Arthur - Tome IV - Le Saint-Graal La mort d’Arthur de Jacques Boulenger a été ajouté
INFO:root:La Tapisserie de Notre-Dame de Charles Péguy a été ajouté
INFO:root:Microsoft Word - chateaubriand_vie_de_rance_source.doc de Jeanne a été ajouté
INFO:root:Autre étude de femme de Honoré de Balzac a été ajouté
INFO:root:La femme de trente ans de Honoré de Balzac a été ajouté
INFO:root:La femme de trente ans de Honoré de Balzac a été ajouté
INFO:root:L’ESPRIT SOUTERRAIN de Fedor Mikhaïlovitch Dostoïevski a été ajouté
INFO:root:L’ÉTERNEL MARI de Fédor Mikhaïlovitch Dostoïevski a été ajouté
INFO:root:Carnet d'un inconnu de Fiodor Dostoïevski a été ajouté
INFO:root:Arsène Lupin contre Herlock Sholmès de Maurice Leblanc a été ajouté
INFO:root:Arsène Lupin gentleman cambrioleur de Maurice Leblanc a été ajouté
INFO:root:Contes de Maurice Leblanc a été ajouté
INFO:root:Candide, ou l'Optimisme de Voltaire a été ajouté
INFO:root:Candide ou l'optimisme de Voltaire a été ajouté
INFO:root: de  a été ajouté
INFO:root: de  a été ajouté
INFO:root:LES PIRATES DES PRAIRIES de Gustave Aimard a été ajouté
INFO:root:A l'abordage de Anders Bengtson a été ajouté
INFO:root:Plaisir d'humour de Alphonse Allais a été ajouté
INFO:root:Pour cause de fin de bail de Alphonse Allais a été ajouté
INFO:root:À SE TORDRE de Alphonse Allais a été ajouté
INFO:root:Thaïs de Anatole France a été ajouté
INFO:root:CONTES MERVEILLEUX - Tome I de Hans Christian Andersen a été ajouté
INFO:root:LA VIE AMBIGUË de Alexis Nikolaïevitch Apoukhtine a été ajouté
INFO:root:La grande Bretèche de Honoré de Balzac a été ajouté
INFO:root:Modeste Mignon de Honoré de Balzac a été ajouté
INFO:root:Pierrette de Honoré de Balzac a été ajouté
INFO:root:Un ménage de garçon de Honoré de Balzac a été ajouté
INFO:root:Esther heureuse de Honoré de Balzac a été ajouté
INFO:root:Massimilla Doni de Honoré de Balzac a été ajouté
INFO:root:Gambara de Honoré de Balzac a été ajouté
INFO:root:La chanson de Roland de Joseph Bédier a été ajouté
INFO:root:Cent ans après, ou l'an 2000 de Edward Bellamy a été ajouté
INFO:root:La Légende du roi Arthur - Tome IV - Le Saint-Graal La mort d’Arthur de Jacques Boulenger a été ajouté
INFO:root:La Tapisserie de Notre-Dame de Charles Péguy a été ajouté
INFO:root:Microsoft Word - chateaubriand_vie_de_rance_source.doc de Jeanne a été ajouté
INFO:root:Autre étude de femme de Honoré de Balzac a été ajouté
INFO:root:La femme de trente ans de Honoré de Balzac a été ajouté
INFO:root:La femme de trente ans de Honoré de Balzac a été ajouté
INFO:root:L’ESPRIT SOUTERRAIN de Fedor Mikhaïlovitch Dostoïevski a été ajouté
INFO:root:L’ÉTERNEL MARI de Fédor Mikhaïlovitch Dostoïevski a été ajouté
INFO:root:Carnet d'un inconnu de Fiodor Dostoïevski a été ajouté
INFO:root:Arsène Lupin contre Herlock Sholmès de Maurice Leblanc a été ajouté
INFO:root:Arsène Lupin gentleman cambrioleur de Maurice Leblanc a été ajouté
INFO:root:Contes de Maurice Leblanc a été ajouté
INFO:root:Candide, ou l'Optimisme de Voltaire a été ajouté
INFO:root:Candide ou l'optimisme de Voltaire a été ajouté
INFO:root: de  a été ajouté
INFO:root: de  a été ajouté
INFO:root:LES PIRATES DES PRAIRIES de Gustave Aimard a été ajouté
INFO:root:A l'abordage de Anders Bengtson a été ajouté
INFO:root:Plaisir d'humour de Alphonse Allais a été ajouté
INFO:root:Pour cause de fin de bail de Alphonse Allais a été ajouté
INFO:root:À SE TORDRE de Alphonse Allais a été ajouté
INFO:root:Thaïs de Anatole France a été ajouté
INFO:root:CONTES MERVEILLEUX - Tome I de Hans Christian Andersen a été ajouté
INFO:root:LA VIE AMBIGUË de Alexis Nikolaïevitch Apoukhtine a été ajouté
INFO:root:La grande Bretèche de Honoré de Balzac a été ajouté
INFO:root:Modeste Mignon de Honoré de Balzac a été ajouté
INFO:root:Pierrette de Honoré de Balzac a été ajouté
INFO:root:Un ménage de garçon de Honoré de Balzac a été ajouté
INFO:root:Esther heureuse de Honoré de Balzac a été ajouté
INFO:root:Massimilla Doni de Honoré de Balzac a été ajouté
INFO:root:Gambara de Honoré de Balzac a été ajouté
INFO:root:La chanson de Roland de Joseph Bédier a été ajouté
INFO:root:Cent ans après, ou l'an 2000 de Edward Bellamy a été ajouté
INFO:root:La Légende du roi Arthur - Tome IV - Le Saint-Graal La mort d’Arthur de Jacques Boulenger a été ajouté
INFO:root:La Tapisserie de Notre-Dame de Charles Péguy a été ajouté
INFO:root:Microsoft Word - chateaubriand_vie_de_rance_source.doc de Jeanne a été ajouté
INFO:root:Autre étude de femme de Honoré de Balzac a été ajouté
INFO:root:La femme de trente ans de Honoré de Balzac a été ajouté
INFO:root:La femme de trente ans de Honoré de Balzac a été ajouté
INFO:root:L’ESPRIT SOUTERRAIN de Fedor Mikhaïlovitch Dostoïevski a été ajouté
INFO:root:L’ÉTERNEL MARI de Fédor Mikhaïlovitch Dostoïevski a été ajouté
INFO:root:Carnet d'un inconnu de Fiodor Dostoïevski a été ajouté
INFO:root:Arsène Lupin contre Herlock Sholmès de Maurice Leblanc a été ajouté
INFO:root:Arsène Lupin gentleman cambrioleur de Maurice Leblanc a été ajouté
INFO:root:Contes de Maurice Leblanc a été ajouté
INFO:root:Candide, ou l'Optimisme de Voltaire a été ajouté
INFO:root:Candide ou l'optimisme de Voltaire a été ajouté
INFO:root: de  a été ajouté
INFO:root: de  a été ajouté
INFO:root:LES PIRATES DES PRAIRIES de Gustave Aimard a été ajouté
INFO:root:A l'abordage de Anders Bengtson a été ajouté
INFO:root:Plaisir d'humour de Alphonse Allais a été ajouté
INFO:root:Pour cause de fin de bail de Alphonse Allais a été ajouté
INFO:root:À SE TORDRE de Alphonse Allais a été ajouté
INFO:root:Thaïs de Anatole France a été ajouté
INFO:root:CONTES MERVEILLEUX - Tome I de Hans Christian Andersen a été ajouté
INFO:root:LA VIE AMBIGUË de Alexis Nikolaïevitch Apoukhtine a été ajouté
INFO:root:La grande Bretèche de Honoré de Balzac a été ajouté
INFO:root:Modeste Mignon de Honoré de Balzac a été ajouté
INFO:root:Pierrette de Honoré de Balzac a été ajouté
INFO:root:Un ménage de garçon de Honoré de Balzac a été ajouté
INFO:root:Esther heureuse de Honoré de Balzac a été ajouté
INFO:root:Massimilla Doni de Honoré de Balzac a été ajouté
INFO:root:Gambara de Honoré de Balzac a été ajouté
INFO:root:La chanson de Roland de Joseph Bédier a été ajouté
INFO:root:Cent ans après, ou l'an 2000 de Edward Bellamy a été ajouté
INFO:root:La Légende du roi Arthur - Tome IV - Le Saint-Graal La mort d’Arthur de Jacques Boulenger a été ajouté
INFO:root:La Tapisserie de Notre-Dame de Charles Péguy a été ajouté
INFO:root:Microsoft Word - chateaubriand_vie_de_rance_source.doc de Jeanne a été ajouté
INFO:root:Autre étude de femme de Honoré de Balzac a été ajouté
INFO:root:La femme de trente ans de Honoré de Balzac a été ajouté
INFO:root:La femme de trente ans de Honoré de Balzac a été ajouté
INFO:root:L’ESPRIT SOUTERRAIN de Fedor Mikhaïlovitch Dostoïevski a été ajouté
INFO:root:L’ÉTERNEL MARI de Fédor Mikhaïlovitch Dostoïevski a été ajouté
INFO:root:Carnet d'un inconnu de Fiodor Dostoïevski a été ajouté
INFO:root:Arsène Lupin contre Herlock Sholmès de Maurice Leblanc a été ajouté
INFO:root:Arsène Lupin gentleman cambrioleur de Maurice Leblanc a été ajouté
INFO:root:Contes de Maurice Leblanc a été ajouté
INFO:root:Candide, ou l'Optimisme de Voltaire a été ajouté
INFO:root:Candide ou l'optimisme de Voltaire a été ajouté
INFO:root: de  a été ajouté
INFO:root: de  a été ajouté
INFO:root:LES PIRATES DES PRAIRIES de Gustave Aimard a été ajouté
INFO:root:A l'abordage de Anders Bengtson a été ajouté
INFO:root:Plaisir d'humour de Alphonse Allais a été ajouté
INFO:root:Pour cause de fin de bail de Alphonse Allais a été ajouté
INFO:root:À SE TORDRE de Alphonse Allais a été ajouté
INFO:root:Thaïs de Anatole France a été ajouté
INFO:root:CONTES MERVEILLEUX - Tome I de Hans Christian Andersen a été ajouté
INFO:root:LA VIE AMBIGUË de Alexis Nikolaïevitch Apoukhtine a été ajouté
INFO:root:La grande Bretèche de Honoré de Balzac a été ajouté
INFO:root:Modeste Mignon de Honoré de Balzac a été ajouté
INFO:root:Pierrette de Honoré de Balzac a été ajouté
INFO:root:Un ménage de garçon de Honoré de Balzac a été ajouté
INFO:root:Esther heureuse de Honoré de Balzac a été ajouté
INFO:root:Massimilla Doni de Honoré de Balzac a été ajouté
INFO:root:Gambara de Honoré de Balzac a été ajouté
INFO:root:La chanson de Roland de Joseph Bédier a été ajouté
INFO:root:Cent ans après, ou l'an 2000 de Edward Bellamy a été ajouté
INFO:root:La Légende du roi Arthur - Tome IV - Le Saint-Graal La mort d’Arthur de Jacques Boulenger a été ajouté
INFO:root:La Tapisserie de Notre-Dame de Charles Péguy a été ajouté
INFO:root:Microsoft Word - chateaubriand_vie_de_rance_source.doc de Jeanne a été ajouté
INFO:root:Autre étude de femme de Honoré de Balzac a été ajouté
INFO:root:La femme de trente ans de Honoré de Balzac a été ajouté
INFO:root:La femme de trente ans de Honoré de Balzac a été ajouté
INFO:root:L’ESPRIT SOUTERRAIN de Fedor Mikhaïlovitch Dostoïevski a été ajouté
INFO:root:L’ÉTERNEL MARI de Fédor Mikhaïlovitch Dostoïevski a été ajouté
INFO:root:Carnet d'un inconnu de Fiodor Dostoïevski a été ajouté
INFO:root:Arsène Lupin contre Herlock Sholmès de Maurice Leblanc a été ajouté
INFO:root:Arsène Lupin gentleman cambrioleur de Maurice Leblanc a été ajouté
INFO:root:Contes de Maurice Leblanc a été ajouté
INFO:root:Candide, ou l'Optimisme de Voltaire a été ajouté
INFO:root:Candide ou l'optimisme de Voltaire a été ajouté
INFO:root: de  a été ajouté
INFO:root: de  a été ajouté
INFO:root:LES PIRATES DES PRAIRIES de Gustave Aimard a été ajouté
INFO:root:A l'abordage de Anders Bengtson a été ajouté
INFO:root:Plaisir d'humour de Alphonse Allais a été ajouté
INFO:root:Pour cause de fin de bail de Alphonse Allais a été ajouté
INFO:root:À SE TORDRE de Alphonse Allais a été ajouté
INFO:root:Thaïs de Anatole France a été ajouté
INFO:root:CONTES MERVEILLEUX - Tome I de Hans Christian Andersen a été ajouté
INFO:root:LA VIE AMBIGUË de Alexis Nikolaïevitch Apoukhtine a été ajouté
INFO:root:La grande Bretèche de Honoré de Balzac a été ajouté
INFO:root:Modeste Mignon de Honoré de Balzac a été ajouté
INFO:root:Pierrette de Honoré de Balzac a été ajouté
INFO:root:Un ménage de garçon de Honoré de Balzac a été ajouté
INFO:root:Esther heureuse de Honoré de Balzac a été ajouté
INFO:root:Massimilla Doni de Honoré de Balzac a été ajouté
INFO:root:Gambara de Honoré de Balzac a été ajouté
INFO:root:La chanson de Roland de Joseph Bédier a été ajouté
INFO:root:Cent ans après, ou l'an 2000 de Edward Bellamy a été ajouté
INFO:root:La Légende du roi Arthur - Tome IV - Le Saint-Graal La mort d’Arthur de Jacques Boulenger a été ajouté
INFO:root:La Tapisserie de Notre-Dame de Charles Péguy a été ajouté
INFO:root:Microsoft Word - chateaubriand_vie_de_rance_source.doc de Jeanne a été ajouté
